HTTP_CONTENT_LENGTH
0

HTTP_COOKIE
Webstorm-65913de0=773e2cd2-b035-4640-876f-ef39f0ebe807

HTTP_ACCEPT_LANGUAGE
en-US,en;q=0.9

HTTP_ACCEPT_ENCODING
gzip, deflate, br

HTTP_SEC_FETCH_DEST
document

HTTP_SEC_FETCH_USER
?1

HTTP_SEC_FETCH_MODE
navigate

HTTP_SEC_FETCH_SITE
none

HTTP_ACCEPT
text/html,application/xhtml+xml,application/xml;q=0.9,image/avif,image/webp,image/apng,*/*;q=0.8,application/signed-exchange;v=b3;q=0.9

HTTP_USER_AGENT
Mozilla/5.0 (X11; Linux x86_64) AppleWebKit/537.36 (KHTML, like Gecko) Chrome/99.0.4844.82 Safari/537.36

HTTP_UPGRADE_INSECURE_REQUESTS
1

HTTP_SEC_CH_UA_PLATFORM
"Linux"

HTTP_SEC_CH_UA_MOBILE
?0

HTTP_SEC_CH_UA
" Not A;Brand";v="99", "Chromium";v="99", "Google Chrome";v="99"

HTTP_HOST
localhost:63342

CONTENT_TYPE


CONTENT_LENGTH
0

QUERY_STRING
_ijt=h4vn06iq786p2kp668orv2m6ha

DOCUMENT_URI
/php/public/apis.php

REDIRECT_STATUS
200

SERVER_PROTOCOL
HTTP/1.1

GATEWAY_INTERFACE
CGI/1.1

SERVER_PORT
63342

SERVER_ADDR
127.0.0.1

SERVER_NAME
PhpStorm 2021.3.3

REMOTE_PORT
54998

REMOTE_ADDR
127.0.0.1

REQUEST_METHOD
GET

REQUEST_URI
/php/public/apis.php?_ijt=h4vn06iq786p2kp668orv2m6ha

FCGI_ROLE
RESPONDER

PHP_SELF
/php/public/apis.php

REQUEST_TIME_FLOAT
1647916640.867

REQUEST_TIME
1647916640